# JRE version: OpenJDK Runtime Environment (11.0.15) (build 11.0.15+0-b2043.56-8887301)
# Java VM: OpenJDK 64-Bit Server VM (11.0.15+0-b2043.56-8887301, mixed mode, tiered, compressed oops, g1 gc, windows-amd64)
Heap:
 garbage-first heap   total 162816K, used 113712K [0x0000000080000000, 0x0000000100000000)
  region size 1024K, 66 young (67584K), 2 survivors (2048K)
 Metaspace       used 61247K, capacity 62847K, committed 63104K, reserved 1103872K
  class space    used 7679K, capacity 8312K, committed 8320K, reserved 1048576K
GC Heap History (20 events):
Event: 7.078 GC heap before
{Heap before GC invocations=9 (full 0):
 garbage-first heap   total 135168K, used 94946K [0x0000000080000000, 0x0000000100000000)
  region size 1024K, 79 young (80896K), 6 survivors (6144K)
 Metaspace       used 34159K, capacity 35001K, committed 35072K, reserved 1079296K
  class space    used 4503K, capacity 4824K, committed 4864K, reserved 1048576K
}
Event: 7.084 GC heap after
{Heap after GC invocations=10 (full 0):
 garbage-first heap   total 135168K, used 22259K [0x0000000080000000, 0x0000000100000000)
  region size 1024K, 8 young (8192K), 8 survivors (8192K)
 Metaspace       used 34159K, capacity 35001K, committed 35072K, reserved 1079296K
  class space    used 4503K, capacity 4824K, committed 4864K, reserved 1048576K
}
Event: 7.197 GC heap before
{Heap before GC invocations=10 (full 0):
 garbage-first heap   total 135168K, used 35571K [0x0000000080000000, 0x0000000100000000)
  region size 1024K, 22 young (22528K), 8 survivors (8192K)
 Metaspace       used 34852K, capacity 35682K, committed 35840K, reserved 1081344K
  class space    used 4544K, capacity 4879K, committed 4992K, reserved 1048576K
}
Event: 7.207 GC heap after
{Heap after GC invocations=11 (full 0):
 garbage-first heap   total 135168K, used 22374K [0x0000000080000000, 0x0000000100000000)
  region size 1024K, 5 young (5120K), 5 survivors (5120K)
 Metaspace       used 34852K, capacity 35682K, committed 35840K, reserved 1081344K
  class space    used 4544K, capacity 4879K, committed 4992K, reserved 1048576K
}
Event: 7.958 GC heap before
{Heap before GC invocations=12 (full 0):
 garbage-first heap   total 135168K, used 97126K [0x0000000080000000, 0x0000000100000000)
  region size 1024K, 79 young (80896K), 5 survivors (5120K)
 Metaspace       used 38809K, capacity 39769K, committed 39936K, reserved 1083392K
  class space    used 4948K, capacity 5305K, committed 5376K, reserved 1048576K
}
Event: 7.964 GC heap after
{Heap after GC invocations=13 (full 0):
 garbage-first heap   total 135168K, used 23428K [0x0000000080000000, 0x0000000100000000)
  region size 1024K, 6 young (6144K), 6 survivors (6144K)
 Metaspace       used 38809K, capacity 39769K, committed 39936K, reserved 1083392K
  class space    used 4948K, capacity 5305K, committed 5376K, reserved 1048576K
}
Event: 8.902 GC heap before
{Heap before GC invocations=13 (full 0):
 garbage-first heap   total 135168K, used 107396K [0x0000000080000000, 0x0000000100000000)
  region size 1024K, 79 young (80896K), 6 survivors (6144K)
 Metaspace       used 41453K, capacity 42512K, committed 42752K, reserved 1087488K
  class space    used 5166K, capacity 5575K, committed 5632K, reserved 1048576K
}
Event: 8.912 GC heap after
{Heap after GC invocations=14 (full 0):
 garbage-first heap   total 135168K, used 26810K [0x0000000080000000, 0x0000000100000000)
  region size 1024K, 8 young (8192K), 8 survivors (8192K)
 Metaspace       used 41453K, capacity 42512K, committed 42752K, reserved 1087488K
  class space    used 5166K, capacity 5575K, committed 5632K, reserved 1048576K
}
Event: 10.947 GC heap before
{Heap before GC invocations=14 (full 0):
 garbage-first heap   total 135168K, used 99514K [0x0000000080000000, 0x0000000100000000)
  region size 1024K, 79 young (80896K), 8 survivors (8192K)
 Metaspace       used 43868K, capacity 44988K, committed 45184K, reserved 1089536K
  class space    used 5531K, capacity 5950K, committed 6016K, reserved 1048576K
}
Event: 10.957 GC heap after
{Heap after GC invocations=15 (full 0):
 garbage-first heap   total 135168K, used 29496K [0x0000000080000000, 0x0000000100000000)
  region size 1024K, 8 young (8192K), 8 survivors (8192K)
 Metaspace       used 43868K, capacity 44988K, committed 45184K, reserved 1089536K
  class space    used 5531K, capacity 5950K, committed 6016K, reserved 1048576K
}
Event: 11.848 GC heap before
{Heap before GC invocations=15 (full 0):
 garbage-first heap   total 135168K, used 105272K [0x0000000080000000, 0x0000000100000000)
  region size 1024K, 79 young (80896K), 8 survivors (8192K)
 Metaspace       used 46808K, capacity 47873K, committed 48128K, reserved 1091584K
  class space    used 5881K, capacity 6294K, committed 6400K, reserved 1048576K
}
Event: 11.856 GC heap after
{Heap after GC invocations=16 (full 0):
 garbage-first heap   total 135168K, used 30620K [0x0000000080000000, 0x0000000100000000)
  region size 1024K, 5 young (5120K), 5 survivors (5120K)
 Metaspace       used 46808K, capacity 47873K, committed 48128K, reserved 1091584K
  class space    used 5881K, capacity 6294K, committed 6400K, reserved 1048576K
}
Event: 13.129 GC heap before
{Heap before GC invocations=16 (full 0):
 garbage-first heap   total 135168K, used 106396K [0x0000000080000000, 0x0000000100000000)
  region size 1024K, 79 young (80896K), 5 survivors (5120K)
 Metaspace       used 49681K, capacity 50902K, committed 51072K, reserved 1093632K
  class space    used 6267K, capacity 6751K, committed 6784K, reserved 1048576K
}
Event: 13.137 GC heap after
{Heap after GC invocations=17 (full 0):
 garbage-first heap   total 162816K, used 31931K [0x0000000080000000, 0x0000000100000000)
  region size 1024K, 6 young (6144K), 6 survivors (6144K)
 Metaspace       used 49681K, capacity 50902K, committed 51072K, reserved 1093632K
  class space    used 6267K, capacity 6751K, committed 6784K, reserved 1048576K
}
Event: 15.388 GC heap before
{Heap before GC invocations=17 (full 0):
 garbage-first heap   total 162816K, used 125115K [0x0000000080000000, 0x0000000100000000)
  region size 1024K, 95 young (97280K), 6 survivors (6144K)
 Metaspace       used 52220K, capacity 53627K, committed 53760K, reserved 1095680K
  class space    used 6532K, capacity 7080K, committed 7168K, reserved 1048576K
}
Event: 15.399 GC heap after
{Heap after GC invocations=18 (full 0):
 garbage-first heap   total 162816K, used 40469K [0x0000000080000000, 0x0000000100000000)
  region size 1024K, 12 young (12288K), 12 survivors (12288K)
 Metaspace       used 52220K, capacity 53627K, committed 53760K, reserved 1095680K
  class space    used 6532K, capacity 7080K, committed 7168K, reserved 1048576K
}
Event: 16.852 GC heap before
{Heap before GC invocations=18 (full 0):
 garbage-first heap   total 162816K, used 125461K [0x0000000080000000, 0x0000000100000000)
  region size 1024K, 95 young (97280K), 12 survivors (12288K)
 Metaspace       used 56299K, capacity 57743K, committed 57856K, reserved 1099776K
  class space    used 7030K, capacity 7603K, committed 7680K, reserved 1048576K
}
Event: 16.876 GC heap after
{Heap after GC invocations=19 (full 0):
 garbage-first heap   total 162816K, used 42096K [0x0000000080000000, 0x0000000100000000)
  region size 1024K, 2 young (2048K), 2 survivors (2048K)
 Metaspace       used 56299K, capacity 57743K, committed 57856K, reserved 1099776K
  class space    used 7030K, capacity 7603K, committed 7680K, reserved 1048576K
}
Event: 17.541 GC heap before
{Heap before GC invocations=19 (full 0):
 garbage-first heap   total 162816K, used 82032K [0x0000000080000000, 0x0000000100000000)
  region size 1024K, 42 young (43008K), 2 survivors (2048K)
 Metaspace       used 58482K, capacity 60074K, committed 60160K, reserved 1101824K
  class space    used 7351K, capacity 7986K, committed 8064K, reserved 1048576K
}
Event: 17.547 GC heap after
{Heap after GC invocations=20 (full 0):
 garbage-first heap   total 162816K, used 42032K [0x0000000080000000, 0x0000000100000000)
  region size 1024K, 2 young (2048K), 2 survivors (2048K)
 Metaspace       used 58482K, capacity 60074K, committed 60160K, reserved 1101824K
  class space    used 7351K, capacity 7986K, committed 8064K, reserved 1048576K
}

